# JRE version: Java(TM) SE Runtime Environment (8.0_221-b11) (build 1.8.0_221-b11)
# Java VM: Java HotSpot(TM) 64-Bit Server VM (25.221-b11 mixed mode windows-amd64 compressed oops)
Heap:
 PSYoungGen      total 224256K, used 59390K [0x000000076b000000, 0x0000000780d80000, 0x00000007c0000000)
  eden space 204800K, 28% used [0x000000076b000000,0x000000076e9ff878,0x0000000777800000)
  from space 19456K, 0% used [0x0000000777800000,0x0000000777800000,0x0000000778b00000)
  to   space 19968K, 0% used [0x000000077fa00000,0x000000077fa00000,0x0000000780d80000)
 ParOldGen       total 156672K, used 22543K [0x00000006c1000000, 0x00000006ca900000, 0x000000076b000000)
  object space 156672K, 14% used [0x00000006c1000000,0x00000006c2603d98,0x00000006ca900000)
 Metaspace       used 60117K, capacity 62922K, committed 63192K, reserved 1103872K
  class space    used 8158K, capacity 8635K, committed 8704K, reserved 1048576K
GC Heap History (10 events):
Event: 4.924 GC heap before
{Heap before GC invocations=6 (full 1):
 PSYoungGen      total 126464K, used 116496K [0x000000076b000000, 0x0000000774200000, 0x00000007c0000000)
  eden space 118784K, 91% used [0x000000076b000000,0x0000000771a75218,0x0000000772400000)
  from space 7680K, 97% used [0x0000000773a80000,0x00000007741cf068,0x0000000774200000)
  to   space 10752K, 0% used [0x0000000772d00000,0x0000000772d00000,0x0000000773780000)
 ParOldGen       total 81408K, used 4987K [0x00000006c1000000, 0x00000006c5f80000, 0x000000076b000000)
  object space 81408K, 6% used [0x00000006c1000000,0x00000006c14deca0,0x00000006c5f80000)
 Metaspace       used 33513K, capacity 35284K, committed 35416K, reserved 1079296K
  class space    used 4421K, capacity 4730K, committed 4736K, reserved 1048576K
Event: 4.934 GC heap after
Heap after GC invocations=6 (full 1):
 PSYoungGen      total 138752K, used 10726K [0x000000076b000000, 0x0000000779880000, 0x00000007c0000000)
  eden space 128000K, 0% used [0x000000076b000000,0x000000076b000000,0x0000000772d00000)
  from space 10752K, 99% used [0x0000000772d00000,0x0000000773779808,0x0000000773780000)
  to   space 13824K, 0% used [0x0000000778b00000,0x0000000778b00000,0x0000000779880000)
 ParOldGen       total 81408K, used 6324K [0x00000006c1000000, 0x00000006c5f80000, 0x000000076b000000)
  object space 81408K, 7% used [0x00000006c1000000,0x00000006c162d250,0x00000006c5f80000)
 Metaspace       used 33513K, capacity 35284K, committed 35416K, reserved 1079296K
  class space    used 4421K, capacity 4730K, committed 4736K, reserved 1048576K
}
Event: 4.934 GC heap before
{Heap before GC invocations=7 (full 2):
 PSYoungGen      total 138752K, used 10726K [0x000000076b000000, 0x0000000779880000, 0x00000007c0000000)
  eden space 128000K, 0% used [0x000000076b000000,0x000000076b000000,0x0000000772d00000)
  from space 10752K, 99% used [0x0000000772d00000,0x0000000773779808,0x0000000773780000)
  to   space 13824K, 0% used [0x0000000778b00000,0x0000000778b00000,0x0000000779880000)
 ParOldGen       total 81408K, used 6324K [0x00000006c1000000, 0x00000006c5f80000, 0x000000076b000000)
  object space 81408K, 7% used [0x00000006c1000000,0x00000006c162d250,0x00000006c5f80000)
 Metaspace       used 33513K, capacity 35284K, committed 35416K, reserved 1079296K
  class space    used 4421K, capacity 4730K, committed 4736K, reserved 1048576K
Event: 5.005 GC heap after
Heap after GC invocations=7 (full 2):
 PSYoungGen      total 138752K, used 0K [0x000000076b000000, 0x0000000779880000, 0x00000007c0000000)
  eden space 128000K, 0% used [0x000000076b000000,0x000000076b000000,0x0000000772d00000)
  from space 10752K, 0% used [0x0000000772d00000,0x0000000772d00000,0x0000000773780000)
  to   space 13824K, 0% used [0x0000000778b00000,0x0000000778b00000,0x0000000779880000)
 ParOldGen       total 118784K, used 15875K [0x00000006c1000000, 0x00000006c8400000, 0x000000076b000000)
  object space 118784K, 13% used [0x00000006c1000000,0x00000006c1f80f10,0x00000006c8400000)
 Metaspace       used 33513K, capacity 35284K, committed 35416K, reserved 1079296K
  class space    used 4421K, capacity 4730K, committed 4736K, reserved 1048576K
}
Event: 7.888 GC heap before
{Heap before GC invocations=8 (full 2):
 PSYoungGen      total 138752K, used 128000K [0x000000076b000000, 0x0000000779880000, 0x00000007c0000000)
  eden space 128000K, 100% used [0x000000076b000000,0x0000000772d00000,0x0000000772d00000)
  from space 10752K, 0% used [0x0000000772d00000,0x0000000772d00000,0x0000000773780000)
  to   space 13824K, 0% used [0x0000000778b00000,0x0000000778b00000,0x0000000779880000)
 ParOldGen       total 118784K, used 15875K [0x00000006c1000000, 0x00000006c8400000, 0x000000076b000000)
  object space 118784K, 13% used [0x00000006c1000000,0x00000006c1f80f10,0x00000006c8400000)
 Metaspace       used 51128K, capacity 53180K, committed 53464K, reserved 1095680K
  class space    used 7015K, capacity 7380K, committed 7424K, reserved 1048576K
Event: 7.906 GC heap after
Heap after GC invocations=8 (full 2):
 PSYoungGen      total 218624K, used 13804K [0x000000076b000000, 0x0000000779f80000, 0x00000007c0000000)
  eden space 204800K, 0% used [0x000000076b000000,0x000000076b000000,0x0000000777800000)
  from space 13824K, 99% used [0x0000000778b00000,0x000000077987b300,0x0000000779880000)
  to   space 19456K, 0% used [0x0000000777800000,0x0000000777800000,0x0000000778b00000)
 ParOldGen       total 118784K, used 22306K [0x00000006c1000000, 0x00000006c8400000, 0x000000076b000000)
  object space 118784K, 18% used [0x00000006c1000000,0x00000006c25c8a98,0x00000006c8400000)
 Metaspace       used 51128K, capacity 53180K, committed 53464K, reserved 1095680K
  class space    used 7015K, capacity 7380K, committed 7424K, reserved 1048576K
}
Event: 9.967 GC heap before
{Heap before GC invocations=9 (full 2):
 PSYoungGen      total 218624K, used 83459K [0x000000076b000000, 0x0000000779f80000, 0x00000007c0000000)
  eden space 204800K, 34% used [0x000000076b000000,0x000000076f405ae8,0x0000000777800000)
  from space 13824K, 99% used [0x0000000778b00000,0x000000077987b300,0x0000000779880000)
  to   space 19456K, 0% used [0x0000000777800000,0x0000000777800000,0x0000000778b00000)
 ParOldGen       total 118784K, used 22306K [0x00000006c1000000, 0x00000006c8400000, 0x000000076b000000)
  object space 118784K, 18% used [0x00000006c1000000,0x00000006c25c8a98,0x00000006c8400000)
 Metaspace       used 56164K, capacity 58908K, committed 59028K, reserved 1099776K
  class space    used 7687K, capacity 8130K, committed 8192K, reserved 1048576K
Event: 9.975 GC heap after
Heap after GC invocations=9 (full 2):
 PSYoungGen      total 224256K, used 13843K [0x000000076b000000, 0x0000000780d80000, 0x00000007c0000000)
  eden space 204800K, 0% used [0x000000076b000000,0x000000076b000000,0x0000000777800000)
  from space 19456K, 71% used [0x0000000777800000,0x0000000778584c90,0x0000000778b00000)
  to   space 19968K, 0% used [0x000000077fa00000,0x000000077fa00000,0x0000000780d80000)
 ParOldGen       total 118784K, used 22314K [0x00000006c1000000, 0x00000006c8400000, 0x000000076b000000)
  object space 118784K, 18% used [0x00000006c1000000,0x00000006c25caa98,0x00000006c8400000)
 Metaspace       used 56164K, capacity 58908K, committed 59028K, reserved 1099776K
  class space    used 7687K, capacity 8130K, committed 8192K, reserved 1048576K
}
Event: 9.975 GC heap before
{Heap before GC invocations=10 (full 3):
 PSYoungGen      total 224256K, used 13843K [0x000000076b000000, 0x0000000780d80000, 0x00000007c0000000)
  eden space 204800K, 0% used [0x000000076b000000,0x000000076b000000,0x0000000777800000)
  from space 19456K, 71% used [0x0000000777800000,0x0000000778584c90,0x0000000778b00000)
  to   space 19968K, 0% used [0x000000077fa00000,0x000000077fa00000,0x0000000780d80000)
 ParOldGen       total 118784K, used 22314K [0x00000006c1000000, 0x00000006c8400000, 0x000000076b000000)
  object space 118784K, 18% used [0x00000006c1000000,0x00000006c25caa98,0x00000006c8400000)
 Metaspace       used 56164K, capacity 58908K, committed 59028K, reserved 1099776K
  class space    used 7687K, capacity 8130K, committed 8192K, reserved 1048576K
Event: 10.067 GC heap after
Heap after GC invocations=10 (full 3):
 PSYoungGen      total 224256K, used 0K [0x000000076b000000, 0x0000000780d80000, 0x00000007c0000000)
  eden space 204800K, 0% used [0x000000076b000000,0x000000076b000000,0x0000000777800000)
  from space 19456K, 0% used [0x0000000777800000,0x0000000777800000,0x0000000778b00000)
  to   space 19968K, 0% used [0x000000077fa00000,0x000000077fa00000,0x0000000780d80000)
 ParOldGen       total 156672K, used 22543K [0x00000006c1000000, 0x00000006ca900000, 0x000000076b000000)
  object space 156672K, 14% used [0x00000006c1000000,0x00000006c2603d98,0x00000006ca900000)
 Metaspace       used 56164K, capacity 58908K, committed 59028K, reserved 1099776K
  class space    used 7687K, capacity 8130K, committed 8192K, reserved 1048576K
}

